2021-01-29 19:06:35,791:INFO:PyCaret Regression Module
2021-01-29 19:06:35,791:INFO:version 2.1
2021-01-29 19:06:35,791:INFO:Initializing setup()
2021-01-29 19:06:35,791:INFO:USI: 0ae6
2021-01-29 19:06:35,791:INFO:setup(data=(1338, 7), target=charges, train_size=0.7, sampling=True, sample_estimator=None, categorical_features=None, categorical_imputation=constant, ordinal_features=None,
                    high_cardinality_features=None, high_cardinality_method=frequency, numeric_features=None, numeric_imputation=mean, date_features=None, ignore_features=None, normalize=False,
                    normalize_method=zscore, transformation=False, transformation_method=yeo-johnson, handle_unknown_categorical=True, unknown_categorical_method=least_frequent, pca=False, pca_method=linear,
                    pca_components=None, ignore_low_variance=False, combine_rare_levels=False, rare_level_threshold=0.1, bin_numeric_features=None, remove_outliers=False, outliers_threshold=0.05,
                    remove_multicollinearity=False, multicollinearity_threshold=0.9, remove_perfect_collinearity=False, create_clusters=False, cluster_iter=20,
                    polynomial_features=False, polynomial_degree=2, trigonometry_features=False, polynomial_threshold=0.1, group_features=None,
                    group_names=None, feature_selection=False, feature_selection_threshold=0.8, feature_interaction=False, feature_ratio=False, interaction_threshold=0.01, transform_target=False,
                    transform_target_method=box-cox, data_split_shuffle=True, folds_shuffle=False, n_jobs=-1, html=True, session_id=123, log_experiment=False,
                    experiment_name=None, log_plots=False, log_profile=False, log_data=False, silent=False, verbose=True, profile=False)
2021-01-29 19:06:35,792:INFO:Checking environment
2021-01-29 19:06:35,792:INFO:python_version: 3.7.6
2021-01-29 19:06:35,792:INFO:python_build: ('default', 'Jan  8 2020 20:23:39')
2021-01-29 19:06:35,792:INFO:machine: AMD64
2021-01-29 19:06:35,793:INFO:platform: Windows-10-10.0.19041-SP0
2021-01-29 19:06:35,810:INFO:Memory: svmem(total=17059516416, available=9971601408, percent=41.5, used=7087915008, free=9971601408)
2021-01-29 19:06:35,810:INFO:Physical Core: 4
2021-01-29 19:06:35,810:INFO:Logical Core: 8
2021-01-29 19:06:35,810:INFO:Checking libraries
2021-01-29 19:06:35,811:INFO:pd==1.1.1
2021-01-29 19:06:35,811:INFO:numpy==1.18.1
2021-01-29 19:06:36,963:INFO:sklearn==0.23.2
2021-01-29 19:06:37,083:INFO:xgboost==0.90
2021-01-29 19:06:37,144:INFO:lightgbm==2.3.1
2021-01-29 19:06:37,314:INFO:catboost==0.24.1
2021-01-29 19:06:38,780:INFO:mlflow==1.11.0
2021-01-29 19:06:38,780:INFO:Checking Exceptions
2021-01-29 19:06:38,780:INFO:Preloading libraries
2021-01-29 19:06:38,780:INFO:Preparing display monitor
2021-01-29 19:06:38,800:INFO:Importing libraries
2021-01-29 19:06:40,566:INFO:Declaring global variables
2021-01-29 19:06:40,566:INFO:Copying data for preprocessing
2021-01-29 19:06:40,574:INFO:Declaring preprocessing parameters
2021-01-29 19:06:40,574:INFO:Importing preprocessing module
2021-01-29 19:06:41,252:INFO:Creating preprocessing pipeline
2021-01-29 19:06:44,809:INFO:Preprocessing pipeline created successfully
2021-01-29 19:06:44,809:INFO:No inverse transformer found
2021-01-29 19:06:44,809:INFO:Creating grid variables
2021-01-29 19:06:44,810:INFO:Creating global containers
2021-01-29 19:06:44,890:INFO:create_model_container: 0
2021-01-29 19:06:44,890:INFO:master_model_container: 0
2021-01-29 19:06:44,890:INFO:display_container: 0
2021-01-29 19:06:44,890:INFO:setup() succesfully completed......................................
2021-01-29 19:06:44,912:INFO:Initializing create_model()
2021-01-29 19:06:44,913:INFO:create_model(estimator=lr, ensemble=False, method=None, fold=10, round=4, cross_validation=True, verbose=True, system=True)
2021-01-29 19:06:44,913:INFO:Checking exceptions
2021-01-29 19:06:44,913:INFO:Preloading libraries
2021-01-29 19:06:44,913:INFO:Preparing display monitor
2021-01-29 19:06:44,940:INFO:Copying training dataset
2021-01-29 19:06:44,941:INFO:Importing libraries
2021-01-29 19:06:44,942:INFO:Defining folds
2021-01-29 19:06:44,942:INFO:Declaring metric variables
2021-01-29 19:06:44,949:INFO:Linear Regression Imported succesfully
2021-01-29 19:06:44,950:INFO:Checking ensemble method
2021-01-29 19:06:44,958:INFO:Initializing Fold 1
2021-01-29 19:06:44,965:INFO:Fitting Model
2021-01-29 19:06:45,025:INFO:Evaluating Metrics
2021-01-29 19:06:45,028:INFO:No inverse transformation
2021-01-29 19:06:45,028:INFO:Compiling Metrics
2021-01-29 19:06:45,045:INFO:Initializing Fold 2
2021-01-29 19:06:45,051:INFO:Fitting Model
2021-01-29 19:06:45,056:INFO:Evaluating Metrics
2021-01-29 19:06:45,059:INFO:No inverse transformation
2021-01-29 19:06:45,059:INFO:Compiling Metrics
2021-01-29 19:06:45,084:INFO:Initializing Fold 3
2021-01-29 19:06:45,093:INFO:Fitting Model
2021-01-29 19:06:45,097:INFO:Evaluating Metrics
2021-01-29 19:06:45,100:INFO:No inverse transformation
2021-01-29 19:06:45,100:INFO:Compiling Metrics
2021-01-29 19:06:45,125:INFO:Initializing Fold 4
2021-01-29 19:06:45,131:INFO:Fitting Model
2021-01-29 19:06:45,136:INFO:Evaluating Metrics
2021-01-29 19:06:45,139:INFO:No inverse transformation
2021-01-29 19:06:45,139:INFO:Compiling Metrics
2021-01-29 19:06:45,165:INFO:Initializing Fold 5
2021-01-29 19:06:45,173:INFO:Fitting Model
2021-01-29 19:06:45,178:INFO:Evaluating Metrics
2021-01-29 19:06:45,180:INFO:No inverse transformation
2021-01-29 19:06:45,180:INFO:Compiling Metrics
2021-01-29 19:06:45,205:INFO:Initializing Fold 6
2021-01-29 19:06:45,212:INFO:Fitting Model
2021-01-29 19:06:45,216:INFO:Evaluating Metrics
2021-01-29 19:06:45,218:INFO:No inverse transformation
2021-01-29 19:06:45,218:INFO:Compiling Metrics
2021-01-29 19:06:45,242:INFO:Initializing Fold 7
2021-01-29 19:06:45,249:INFO:Fitting Model
2021-01-29 19:06:45,253:INFO:Evaluating Metrics
2021-01-29 19:06:45,256:INFO:No inverse transformation
2021-01-29 19:06:45,256:INFO:Compiling Metrics
2021-01-29 19:06:45,281:INFO:Initializing Fold 8
2021-01-29 19:06:45,289:INFO:Fitting Model
2021-01-29 19:06:45,293:INFO:Evaluating Metrics
2021-01-29 19:06:45,294:INFO:No inverse transformation
2021-01-29 19:06:45,294:INFO:Compiling Metrics
2021-01-29 19:06:45,318:INFO:Initializing Fold 9
2021-01-29 19:06:45,326:INFO:Fitting Model
2021-01-29 19:06:45,329:INFO:Evaluating Metrics
2021-01-29 19:06:45,332:INFO:No inverse transformation
2021-01-29 19:06:45,332:INFO:Compiling Metrics
2021-01-29 19:06:45,354:INFO:Initializing Fold 10
2021-01-29 19:06:45,361:INFO:Fitting Model
2021-01-29 19:06:45,364:INFO:Evaluating Metrics
2021-01-29 19:06:45,367:INFO:No inverse transformation
2021-01-29 19:06:45,367:INFO:Compiling Metrics
2021-01-29 19:06:45,390:INFO:Calculating mean and std
2021-01-29 19:06:45,392:INFO:Creating metrics dataframe
2021-01-29 19:06:45,400:INFO:Finalizing model
2021-01-29 19:06:45,405:INFO:Uploading results into container
2021-01-29 19:06:45,405:INFO:Uploading model into container
2021-01-29 19:06:45,424:INFO:create_model_container: 1
2021-01-29 19:06:45,424:INFO:master_model_container: 1
2021-01-29 19:06:45,425:INFO:display_container: 1
2021-01-29 19:06:45,425:INFO:LinearRegression(copy_X=True, fit_intercept=True, n_jobs=-1, normalize=False)
2021-01-29 19:06:45,425:INFO:create_model() succesfully completed......................................
2021-01-29 19:06:45,431:INFO:Initializing plot_model()
2021-01-29 19:06:45,432:INFO:plot_model(estimator=LinearRegression(copy_X=True, fit_intercept=True, n_jobs=-1, normalize=False), plot=residuals, save=False, verbose=True, system=True)
2021-01-29 19:06:45,432:INFO:Checking exceptions
2021-01-29 19:06:45,432:INFO:Preloading libraries
2021-01-29 19:06:45,432:INFO:Preparing display monitor
2021-01-29 19:06:45,442:INFO:Importing libraries
2021-01-29 19:06:45,443:INFO:plot type: residuals
2021-01-29 19:06:45,552:INFO:Fitting Model
2021-01-29 19:06:45,588:INFO:Scoring test/hold-out set
2021-01-29 19:06:46,206:INFO:Visual Rendered Successfully
2021-01-29 19:06:46,206:INFO:plot_model() succesfully completed......................................
2021-01-29 19:06:46,226:INFO:PyCaret Regression Module
2021-01-29 19:06:46,226:INFO:version 2.1
2021-01-29 19:06:46,226:INFO:Initializing setup()
2021-01-29 19:06:46,226:INFO:USI: da67
2021-01-29 19:06:46,226:INFO:setup(data=(1338, 7), target=charges, train_size=0.7, sampling=True, sample_estimator=None, categorical_features=None, categorical_imputation=constant, ordinal_features=None,
                    high_cardinality_features=None, high_cardinality_method=frequency, numeric_features=None, numeric_imputation=mean, date_features=None, ignore_features=None, normalize=True,
                    normalize_method=zscore, transformation=False, transformation_method=yeo-johnson, handle_unknown_categorical=True, unknown_categorical_method=least_frequent, pca=False, pca_method=linear,
                    pca_components=None, ignore_low_variance=False, combine_rare_levels=False, rare_level_threshold=0.1, bin_numeric_features=['age', 'bmi'], remove_outliers=False, outliers_threshold=0.05,
                    remove_multicollinearity=False, multicollinearity_threshold=0.9, remove_perfect_collinearity=False, create_clusters=False, cluster_iter=20,
                    polynomial_features=True, polynomial_degree=2, trigonometry_features=True, polynomial_threshold=0.1, group_features=None,
                    group_names=None, feature_selection=False, feature_selection_threshold=0.8, feature_interaction=True, feature_ratio=False, interaction_threshold=0.01, transform_target=False,
                    transform_target_method=box-cox, data_split_shuffle=True, folds_shuffle=False, n_jobs=-1, html=True, session_id=123, log_experiment=False,
                    experiment_name=None, log_plots=False, log_profile=False, log_data=False, silent=False, verbose=True, profile=False)
2021-01-29 19:06:46,227:INFO:Checking environment
2021-01-29 19:06:46,227:INFO:python_version: 3.7.6
2021-01-29 19:06:46,227:INFO:python_build: ('default', 'Jan  8 2020 20:23:39')
2021-01-29 19:06:46,227:INFO:machine: AMD64
2021-01-29 19:06:46,227:INFO:platform: Windows-10-10.0.19041-SP0
2021-01-29 19:06:46,227:INFO:Memory: svmem(total=17059516416, available=9785389056, percent=42.6, used=7274127360, free=9785389056)
2021-01-29 19:06:46,227:INFO:Physical Core: 4
2021-01-29 19:06:46,227:INFO:Logical Core: 8
2021-01-29 19:06:46,227:INFO:Checking libraries
2021-01-29 19:06:46,227:INFO:pd==1.1.1
2021-01-29 19:06:46,227:INFO:numpy==1.18.1
2021-01-29 19:06:46,228:INFO:sklearn==0.23.2
2021-01-29 19:06:46,228:INFO:xgboost==0.90
2021-01-29 19:06:46,228:INFO:lightgbm==2.3.1
2021-01-29 19:06:46,228:INFO:catboost==0.24.1
2021-01-29 19:06:46,228:INFO:mlflow==1.11.0
2021-01-29 19:06:46,228:INFO:Checking Exceptions
2021-01-29 19:06:46,228:INFO:Preloading libraries
2021-01-29 19:06:46,228:INFO:Preparing display monitor
2021-01-29 19:06:46,244:INFO:Importing libraries
2021-01-29 19:06:46,254:INFO:Declaring global variables
2021-01-29 19:06:46,254:INFO:Copying data for preprocessing
2021-01-29 19:06:46,260:INFO:Declaring preprocessing parameters
2021-01-29 19:06:46,260:INFO:Importing preprocessing module
2021-01-29 19:06:46,260:INFO:Creating preprocessing pipeline
2021-01-29 19:06:49,346:INFO:Preprocessing pipeline created successfully
2021-01-29 19:06:49,347:INFO:No inverse transformer found
2021-01-29 19:06:49,347:INFO:Creating grid variables
2021-01-29 19:06:49,349:INFO:Creating global containers
2021-01-29 19:06:49,380:INFO:create_model_container: 0
2021-01-29 19:06:49,380:INFO:master_model_container: 0
2021-01-29 19:06:49,381:INFO:display_container: 0
2021-01-29 19:06:49,381:INFO:setup() succesfully completed......................................
2021-01-29 19:06:49,408:INFO:Initializing create_model()
2021-01-29 19:06:49,408:INFO:create_model(estimator=lr, ensemble=False, method=None, fold=10, round=4, cross_validation=True, verbose=True, system=True)
2021-01-29 19:06:49,408:INFO:Checking exceptions
2021-01-29 19:06:49,408:INFO:Preloading libraries
2021-01-29 19:06:49,408:INFO:Preparing display monitor
2021-01-29 19:06:49,437:INFO:Copying training dataset
2021-01-29 19:06:49,438:INFO:Importing libraries
2021-01-29 19:06:49,439:INFO:Defining folds
2021-01-29 19:06:49,440:INFO:Declaring metric variables
2021-01-29 19:06:49,446:INFO:Linear Regression Imported succesfully
2021-01-29 19:06:49,447:INFO:Checking ensemble method
2021-01-29 19:06:49,453:INFO:Initializing Fold 1
2021-01-29 19:06:49,462:INFO:Fitting Model
2021-01-29 19:06:49,476:INFO:Evaluating Metrics
2021-01-29 19:06:49,478:INFO:No inverse transformation
2021-01-29 19:06:49,478:INFO:Compiling Metrics
2021-01-29 19:06:49,501:INFO:Initializing Fold 2
2021-01-29 19:06:49,509:INFO:Fitting Model
2021-01-29 19:06:49,514:INFO:Evaluating Metrics
2021-01-29 19:06:49,515:INFO:No inverse transformation
2021-01-29 19:06:49,515:INFO:Compiling Metrics
2021-01-29 19:06:49,540:INFO:Initializing Fold 3
2021-01-29 19:06:49,547:INFO:Fitting Model
2021-01-29 19:06:49,553:INFO:Evaluating Metrics
2021-01-29 19:06:49,555:INFO:No inverse transformation
2021-01-29 19:06:49,555:INFO:Compiling Metrics
2021-01-29 19:06:49,575:INFO:Initializing Fold 4
2021-01-29 19:06:49,582:INFO:Fitting Model
2021-01-29 19:06:49,589:INFO:Evaluating Metrics
2021-01-29 19:06:49,592:INFO:No inverse transformation
2021-01-29 19:06:49,592:INFO:Compiling Metrics
2021-01-29 19:06:49,612:INFO:Initializing Fold 5
2021-01-29 19:06:49,620:INFO:Fitting Model
2021-01-29 19:06:49,626:INFO:Evaluating Metrics
2021-01-29 19:06:49,628:INFO:No inverse transformation
2021-01-29 19:06:49,628:INFO:Compiling Metrics
2021-01-29 19:06:49,655:INFO:Initializing Fold 6
2021-01-29 19:06:49,664:INFO:Fitting Model
2021-01-29 19:06:49,671:INFO:Evaluating Metrics
2021-01-29 19:06:49,674:INFO:No inverse transformation
2021-01-29 19:06:49,674:INFO:Compiling Metrics
2021-01-29 19:06:49,698:INFO:Initializing Fold 7
2021-01-29 19:06:49,705:INFO:Fitting Model
2021-01-29 19:06:49,709:INFO:Evaluating Metrics
2021-01-29 19:06:49,710:INFO:No inverse transformation
2021-01-29 19:06:49,710:INFO:Compiling Metrics
2021-01-29 19:06:49,735:INFO:Initializing Fold 8
2021-01-29 19:06:49,743:INFO:Fitting Model
2021-01-29 19:06:49,747:INFO:Evaluating Metrics
2021-01-29 19:06:49,750:INFO:No inverse transformation
2021-01-29 19:06:49,750:INFO:Compiling Metrics
2021-01-29 19:06:49,777:INFO:Initializing Fold 9
2021-01-29 19:06:49,785:INFO:Fitting Model
2021-01-29 19:06:49,791:INFO:Evaluating Metrics
2021-01-29 19:06:49,794:INFO:No inverse transformation
2021-01-29 19:06:49,794:INFO:Compiling Metrics
2021-01-29 19:06:49,815:INFO:Initializing Fold 10
2021-01-29 19:06:49,823:INFO:Fitting Model
2021-01-29 19:06:49,829:INFO:Evaluating Metrics
2021-01-29 19:06:49,831:INFO:No inverse transformation
2021-01-29 19:06:49,832:INFO:Compiling Metrics
2021-01-29 19:06:49,858:INFO:Calculating mean and std
2021-01-29 19:06:49,860:INFO:Creating metrics dataframe
2021-01-29 19:06:49,873:INFO:Finalizing model
2021-01-29 19:06:49,878:INFO:Uploading results into container
2021-01-29 19:06:49,878:INFO:Uploading model into container
2021-01-29 19:06:49,894:INFO:create_model_container: 1
2021-01-29 19:06:49,894:INFO:master_model_container: 1
2021-01-29 19:06:49,894:INFO:display_container: 1
2021-01-29 19:06:49,895:INFO:LinearRegression(copy_X=True, fit_intercept=True, n_jobs=-1, normalize=False)
2021-01-29 19:06:49,895:INFO:create_model() succesfully completed......................................
2021-01-29 19:06:49,911:INFO:Initializing plot_model()
2021-01-29 19:06:49,911:INFO:plot_model(estimator=LinearRegression(copy_X=True, fit_intercept=True, n_jobs=-1, normalize=False), plot=residuals, save=False, verbose=True, system=True)
2021-01-29 19:06:49,911:INFO:Checking exceptions
2021-01-29 19:06:49,911:INFO:Preloading libraries
2021-01-29 19:06:49,912:INFO:Preparing display monitor
2021-01-29 19:06:49,922:INFO:Importing libraries
2021-01-29 19:06:49,923:INFO:plot type: residuals
2021-01-29 19:06:49,949:INFO:Fitting Model
2021-01-29 19:06:49,998:INFO:Scoring test/hold-out set
2021-01-29 19:06:50,452:INFO:Visual Rendered Successfully
2021-01-29 19:06:50,453:INFO:plot_model() succesfully completed......................................
2021-01-29 19:06:50,462:INFO:Initializing save_model()
2021-01-29 19:06:50,463:INFO:save_model(model=LinearRegression(copy_X=True, fit_intercept=True, n_jobs=-1, normalize=False), model_name=deployment_28042020, model_only=False, verbose=True)
2021-01-29 19:06:50,509:INFO:deployment_28042020.pkl saved in current working directory
2021-01-29 19:06:50,516:INFO:Pipeline(memory=None,
         steps=[('dtypes',
                 DataTypes_Auto_infer(categorical_features=[],
                                      display_types=True, features_todrop=[],
                                      ml_usecase='regression',
                                      numerical_features=[], target='charges',
                                      time_features=[])),
                ('imputer',
                 Simple_Imputer(categorical_strategy='not_available',
                                numeric_strategy='mean',
                                target_variable=None)),
                ('new_levels1',
                 New_Catagorical_Levels...
                ('clean_names', Clean_Colum_Names()),
                ('feature_select', Empty()), ('fix_multi', Empty()),
                ('dfs',
                 DFS_Classic(interactions=['multiply'], ml_usecase='regression',
                             random_state=123, subclass='binary',
                             target='charges',
                             top_features_to_pick_percentage=None)),
                ('pca', Empty()),
                ['trained model',
                 LinearRegression(copy_X=True, fit_intercept=True, n_jobs=-1,
                                  normalize=False)]],
         verbose=False)
2021-01-29 19:06:50,516:INFO:save_model() succesfully completed......................................
2021-01-29 19:08:55,178:INFO:PyCaret Regression Module
2021-01-29 19:08:55,178:INFO:version 2.1
2021-01-29 19:08:55,178:INFO:Initializing setup()
2021-01-29 19:08:55,178:INFO:USI: d3b0
2021-01-29 19:08:55,178:INFO:setup(data=(1338, 7), target=charges, train_size=0.7, sampling=True, sample_estimator=None, categorical_features=None, categorical_imputation=constant, ordinal_features=None,
                    high_cardinality_features=None, high_cardinality_method=frequency, numeric_features=None, numeric_imputation=mean, date_features=None, ignore_features=None, normalize=False,
                    normalize_method=zscore, transformation=False, transformation_method=yeo-johnson, handle_unknown_categorical=True, unknown_categorical_method=least_frequent, pca=False, pca_method=linear,
                    pca_components=None, ignore_low_variance=False, combine_rare_levels=False, rare_level_threshold=0.1, bin_numeric_features=None, remove_outliers=False, outliers_threshold=0.05,
                    remove_multicollinearity=False, multicollinearity_threshold=0.9, remove_perfect_collinearity=False, create_clusters=False, cluster_iter=20,
                    polynomial_features=False, polynomial_degree=2, trigonometry_features=False, polynomial_threshold=0.1, group_features=None,
                    group_names=None, feature_selection=False, feature_selection_threshold=0.8, feature_interaction=False, feature_ratio=False, interaction_threshold=0.01, transform_target=False,
                    transform_target_method=box-cox, data_split_shuffle=True, folds_shuffle=False, n_jobs=-1, html=True, session_id=123, log_experiment=False,
                    experiment_name=None, log_plots=False, log_profile=False, log_data=False, silent=False, verbose=True, profile=False)
2021-01-29 19:08:55,179:INFO:Checking environment
2021-01-29 19:08:55,179:INFO:python_version: 3.7.6
2021-01-29 19:08:55,179:INFO:python_build: ('default', 'Jan  8 2020 20:23:39')
2021-01-29 19:08:55,179:INFO:machine: AMD64
2021-01-29 19:08:55,179:INFO:platform: Windows-10-10.0.19041-SP0
2021-01-29 19:08:55,179:INFO:Memory: svmem(total=17059516416, available=9928007680, percent=41.8, used=7131508736, free=9928007680)
2021-01-29 19:08:55,179:INFO:Physical Core: 4
2021-01-29 19:08:55,179:INFO:Logical Core: 8
2021-01-29 19:08:55,179:INFO:Checking libraries
2021-01-29 19:08:55,179:INFO:pd==1.1.1
2021-01-29 19:08:55,179:INFO:numpy==1.18.1
2021-01-29 19:08:55,179:INFO:sklearn==0.23.2
2021-01-29 19:08:55,179:INFO:xgboost==0.90
2021-01-29 19:08:55,179:INFO:lightgbm==2.3.1
2021-01-29 19:08:55,179:INFO:catboost==0.24.1
2021-01-29 19:08:55,179:INFO:mlflow==1.11.0
2021-01-29 19:08:55,180:INFO:Checking Exceptions
2021-01-29 19:08:55,180:INFO:Preloading libraries
2021-01-29 19:08:55,180:INFO:Preparing display monitor
2021-01-29 19:08:55,196:INFO:Importing libraries
2021-01-29 19:08:55,208:INFO:Declaring global variables
2021-01-29 19:08:55,208:INFO:Copying data for preprocessing
2021-01-29 19:08:55,212:INFO:Declaring preprocessing parameters
2021-01-29 19:08:55,212:INFO:Importing preprocessing module
2021-01-29 19:08:55,212:INFO:Creating preprocessing pipeline
2021-01-29 19:08:56,775:INFO:Preprocessing pipeline created successfully
2021-01-29 19:08:56,775:INFO:No inverse transformer found
2021-01-29 19:08:56,775:INFO:Creating grid variables
2021-01-29 19:08:56,777:INFO:Creating global containers
2021-01-29 19:08:56,800:INFO:create_model_container: 0
2021-01-29 19:08:56,800:INFO:master_model_container: 0
2021-01-29 19:08:56,800:INFO:display_container: 0
2021-01-29 19:08:56,800:INFO:setup() succesfully completed......................................
2021-01-29 19:08:56,821:INFO:Initializing create_model()
2021-01-29 19:08:56,821:INFO:create_model(estimator=lr, ensemble=False, method=None, fold=10, round=4, cross_validation=True, verbose=True, system=True)
2021-01-29 19:08:56,821:INFO:Checking exceptions
2021-01-29 19:08:56,822:INFO:Preloading libraries
2021-01-29 19:08:56,822:INFO:Preparing display monitor
2021-01-29 19:08:56,844:INFO:Copying training dataset
2021-01-29 19:08:56,844:INFO:Importing libraries
2021-01-29 19:08:56,845:INFO:Defining folds
2021-01-29 19:08:56,846:INFO:Declaring metric variables
2021-01-29 19:08:56,852:INFO:Linear Regression Imported succesfully
2021-01-29 19:08:56,853:INFO:Checking ensemble method
2021-01-29 19:08:56,862:INFO:Initializing Fold 1
2021-01-29 19:08:56,867:INFO:Fitting Model
2021-01-29 19:08:56,870:INFO:Evaluating Metrics
2021-01-29 19:08:56,873:INFO:No inverse transformation
2021-01-29 19:08:56,873:INFO:Compiling Metrics
2021-01-29 19:08:56,897:INFO:Initializing Fold 2
2021-01-29 19:08:56,904:INFO:Fitting Model
2021-01-29 19:08:56,907:INFO:Evaluating Metrics
2021-01-29 19:08:56,910:INFO:No inverse transformation
2021-01-29 19:08:56,910:INFO:Compiling Metrics
2021-01-29 19:08:56,935:INFO:Initializing Fold 3
2021-01-29 19:08:56,943:INFO:Fitting Model
2021-01-29 19:08:56,946:INFO:Evaluating Metrics
2021-01-29 19:08:56,948:INFO:No inverse transformation
2021-01-29 19:08:56,948:INFO:Compiling Metrics
2021-01-29 19:08:56,969:INFO:Initializing Fold 4
2021-01-29 19:08:56,976:INFO:Fitting Model
2021-01-29 19:08:56,979:INFO:Evaluating Metrics
2021-01-29 19:08:56,981:INFO:No inverse transformation
2021-01-29 19:08:56,981:INFO:Compiling Metrics
2021-01-29 19:08:57,000:INFO:Initializing Fold 5
2021-01-29 19:08:57,007:INFO:Fitting Model
2021-01-29 19:08:57,011:INFO:Evaluating Metrics
2021-01-29 19:08:57,013:INFO:No inverse transformation
2021-01-29 19:08:57,014:INFO:Compiling Metrics
2021-01-29 19:08:57,034:INFO:Initializing Fold 6
2021-01-29 19:08:57,041:INFO:Fitting Model
2021-01-29 19:08:57,043:INFO:Evaluating Metrics
2021-01-29 19:08:57,045:INFO:No inverse transformation
2021-01-29 19:08:57,045:INFO:Compiling Metrics
2021-01-29 19:08:57,067:INFO:Initializing Fold 7
2021-01-29 19:08:57,074:INFO:Fitting Model
2021-01-29 19:08:57,078:INFO:Evaluating Metrics
2021-01-29 19:08:57,080:INFO:No inverse transformation
2021-01-29 19:08:57,080:INFO:Compiling Metrics
2021-01-29 19:08:57,106:INFO:Initializing Fold 8
2021-01-29 19:08:57,111:INFO:Fitting Model
2021-01-29 19:08:57,115:INFO:Evaluating Metrics
2021-01-29 19:08:57,117:INFO:No inverse transformation
2021-01-29 19:08:57,117:INFO:Compiling Metrics
2021-01-29 19:08:57,139:INFO:Initializing Fold 9
2021-01-29 19:08:57,146:INFO:Fitting Model
2021-01-29 19:08:57,149:INFO:Evaluating Metrics
2021-01-29 19:08:57,152:INFO:No inverse transformation
2021-01-29 19:08:57,152:INFO:Compiling Metrics
2021-01-29 19:08:57,170:INFO:Initializing Fold 10
2021-01-29 19:08:57,177:INFO:Fitting Model
2021-01-29 19:08:57,180:INFO:Evaluating Metrics
2021-01-29 19:08:57,182:INFO:No inverse transformation
2021-01-29 19:08:57,183:INFO:Compiling Metrics
2021-01-29 19:08:57,203:INFO:Calculating mean and std
2021-01-29 19:08:57,205:INFO:Creating metrics dataframe
2021-01-29 19:08:57,212:INFO:Finalizing model
2021-01-29 19:08:57,216:INFO:Uploading results into container
2021-01-29 19:08:57,217:INFO:Uploading model into container
2021-01-29 19:08:57,237:INFO:create_model_container: 1
2021-01-29 19:08:57,238:INFO:master_model_container: 1
2021-01-29 19:08:57,238:INFO:display_container: 1
2021-01-29 19:08:57,238:INFO:LinearRegression(copy_X=True, fit_intercept=True, n_jobs=-1, normalize=False)
2021-01-29 19:08:57,238:INFO:create_model() succesfully completed......................................
2021-01-29 19:08:57,255:INFO:Initializing plot_model()
2021-01-29 19:08:57,255:INFO:plot_model(estimator=LinearRegression(copy_X=True, fit_intercept=True, n_jobs=-1, normalize=False), plot=residuals, save=False, verbose=True, system=True)
2021-01-29 19:08:57,255:INFO:Checking exceptions
2021-01-29 19:08:57,255:INFO:Preloading libraries
2021-01-29 19:08:57,256:INFO:Preparing display monitor
2021-01-29 19:08:57,265:INFO:Importing libraries
2021-01-29 19:08:57,266:INFO:plot type: residuals
2021-01-29 19:08:57,291:INFO:Fitting Model
2021-01-29 19:08:57,340:INFO:Scoring test/hold-out set
2021-01-29 19:08:57,614:INFO:Visual Rendered Successfully
2021-01-29 19:08:57,615:INFO:plot_model() succesfully completed......................................
2021-01-29 19:08:57,633:INFO:PyCaret Regression Module
2021-01-29 19:08:57,634:INFO:version 2.1
2021-01-29 19:08:57,634:INFO:Initializing setup()
2021-01-29 19:08:57,634:INFO:USI: 466e
2021-01-29 19:08:57,634:INFO:setup(data=(1338, 7), target=charges, train_size=0.7, sampling=True, sample_estimator=None, categorical_features=None, categorical_imputation=constant, ordinal_features=None,
                    high_cardinality_features=None, high_cardinality_method=frequency, numeric_features=None, numeric_imputation=mean, date_features=None, ignore_features=None, normalize=True,
                    normalize_method=zscore, transformation=False, transformation_method=yeo-johnson, handle_unknown_categorical=True, unknown_categorical_method=least_frequent, pca=False, pca_method=linear,
                    pca_components=None, ignore_low_variance=False, combine_rare_levels=False, rare_level_threshold=0.1, bin_numeric_features=['age', 'bmi'], remove_outliers=False, outliers_threshold=0.05,
                    remove_multicollinearity=False, multicollinearity_threshold=0.9, remove_perfect_collinearity=False, create_clusters=False, cluster_iter=20,
                    polynomial_features=True, polynomial_degree=2, trigonometry_features=True, polynomial_threshold=0.1, group_features=None,
                    group_names=None, feature_selection=False, feature_selection_threshold=0.8, feature_interaction=True, feature_ratio=False, interaction_threshold=0.01, transform_target=False,
                    transform_target_method=box-cox, data_split_shuffle=True, folds_shuffle=False, n_jobs=-1, html=True, session_id=123, log_experiment=False,
                    experiment_name=None, log_plots=False, log_profile=False, log_data=False, silent=False, verbose=True, profile=False)
2021-01-29 19:08:57,634:INFO:Checking environment
2021-01-29 19:08:57,634:INFO:python_version: 3.7.6
2021-01-29 19:08:57,635:INFO:python_build: ('default', 'Jan  8 2020 20:23:39')
2021-01-29 19:08:57,635:INFO:machine: AMD64
2021-01-29 19:08:57,635:INFO:platform: Windows-10-10.0.19041-SP0
2021-01-29 19:08:57,635:INFO:Memory: svmem(total=17059516416, available=9942761472, percent=41.7, used=7116754944, free=9942761472)
2021-01-29 19:08:57,635:INFO:Physical Core: 4
2021-01-29 19:08:57,635:INFO:Logical Core: 8
2021-01-29 19:08:57,635:INFO:Checking libraries
2021-01-29 19:08:57,635:INFO:pd==1.1.1
2021-01-29 19:08:57,635:INFO:numpy==1.18.1
2021-01-29 19:08:57,635:INFO:sklearn==0.23.2
2021-01-29 19:08:57,635:INFO:xgboost==0.90
2021-01-29 19:08:57,635:INFO:lightgbm==2.3.1
2021-01-29 19:08:57,635:INFO:catboost==0.24.1
2021-01-29 19:08:57,635:INFO:mlflow==1.11.0
2021-01-29 19:08:57,635:INFO:Checking Exceptions
2021-01-29 19:08:57,635:INFO:Preloading libraries
2021-01-29 19:08:57,635:INFO:Preparing display monitor
2021-01-29 19:08:57,651:INFO:Importing libraries
2021-01-29 19:08:57,662:INFO:Declaring global variables
2021-01-29 19:08:57,662:INFO:Copying data for preprocessing
2021-01-29 19:08:57,667:INFO:Declaring preprocessing parameters
2021-01-29 19:08:57,667:INFO:Importing preprocessing module
2021-01-29 19:08:57,668:INFO:Creating preprocessing pipeline
2021-01-29 19:08:59,643:INFO:Preprocessing pipeline created successfully
2021-01-29 19:08:59,643:INFO:No inverse transformer found
2021-01-29 19:08:59,643:INFO:Creating grid variables
2021-01-29 19:08:59,645:INFO:Creating global containers
2021-01-29 19:08:59,670:INFO:create_model_container: 0
2021-01-29 19:08:59,670:INFO:master_model_container: 0
2021-01-29 19:08:59,670:INFO:display_container: 0
2021-01-29 19:08:59,671:INFO:setup() succesfully completed......................................
2021-01-29 19:08:59,699:INFO:Initializing create_model()
2021-01-29 19:08:59,700:INFO:create_model(estimator=lr, ensemble=False, method=None, fold=10, round=4, cross_validation=True, verbose=True, system=True)
2021-01-29 19:08:59,700:INFO:Checking exceptions
2021-01-29 19:08:59,700:INFO:Preloading libraries
2021-01-29 19:08:59,700:INFO:Preparing display monitor
2021-01-29 19:08:59,726:INFO:Copying training dataset
2021-01-29 19:08:59,727:INFO:Importing libraries
2021-01-29 19:08:59,728:INFO:Defining folds
2021-01-29 19:08:59,728:INFO:Declaring metric variables
2021-01-29 19:08:59,735:INFO:Linear Regression Imported succesfully
2021-01-29 19:08:59,736:INFO:Checking ensemble method
2021-01-29 19:08:59,743:INFO:Initializing Fold 1
2021-01-29 19:08:59,750:INFO:Fitting Model
2021-01-29 19:08:59,759:INFO:Evaluating Metrics
2021-01-29 19:08:59,762:INFO:No inverse transformation
2021-01-29 19:08:59,762:INFO:Compiling Metrics
2021-01-29 19:08:59,782:INFO:Initializing Fold 2
2021-01-29 19:08:59,790:INFO:Fitting Model
2021-01-29 19:08:59,796:INFO:Evaluating Metrics
2021-01-29 19:08:59,798:INFO:No inverse transformation
2021-01-29 19:08:59,799:INFO:Compiling Metrics
2021-01-29 19:08:59,819:INFO:Initializing Fold 3
2021-01-29 19:08:59,827:INFO:Fitting Model
2021-01-29 19:08:59,833:INFO:Evaluating Metrics
2021-01-29 19:08:59,837:INFO:No inverse transformation
2021-01-29 19:08:59,837:INFO:Compiling Metrics
2021-01-29 19:08:59,859:INFO:Initializing Fold 4
2021-01-29 19:08:59,869:INFO:Fitting Model
2021-01-29 19:08:59,875:INFO:Evaluating Metrics
2021-01-29 19:08:59,878:INFO:No inverse transformation
2021-01-29 19:08:59,878:INFO:Compiling Metrics
2021-01-29 19:08:59,902:INFO:Initializing Fold 5
2021-01-29 19:08:59,909:INFO:Fitting Model
2021-01-29 19:08:59,915:INFO:Evaluating Metrics
2021-01-29 19:08:59,918:INFO:No inverse transformation
2021-01-29 19:08:59,918:INFO:Compiling Metrics
2021-01-29 19:08:59,943:INFO:Initializing Fold 6
2021-01-29 19:08:59,950:INFO:Fitting Model
2021-01-29 19:08:59,957:INFO:Evaluating Metrics
2021-01-29 19:08:59,960:INFO:No inverse transformation
2021-01-29 19:08:59,960:INFO:Compiling Metrics
2021-01-29 19:08:59,982:INFO:Initializing Fold 7
2021-01-29 19:08:59,987:INFO:Fitting Model
2021-01-29 19:08:59,993:INFO:Evaluating Metrics
2021-01-29 19:08:59,996:INFO:No inverse transformation
2021-01-29 19:08:59,996:INFO:Compiling Metrics
2021-01-29 19:09:00,020:INFO:Initializing Fold 8
2021-01-29 19:09:00,028:INFO:Fitting Model
2021-01-29 19:09:00,031:INFO:Evaluating Metrics
2021-01-29 19:09:00,033:INFO:No inverse transformation
2021-01-29 19:09:00,033:INFO:Compiling Metrics
2021-01-29 19:09:00,054:INFO:Initializing Fold 9
2021-01-29 19:09:00,062:INFO:Fitting Model
2021-01-29 19:09:00,067:INFO:Evaluating Metrics
2021-01-29 19:09:00,070:INFO:No inverse transformation
2021-01-29 19:09:00,070:INFO:Compiling Metrics
2021-01-29 19:09:00,090:INFO:Initializing Fold 10
2021-01-29 19:09:00,097:INFO:Fitting Model
2021-01-29 19:09:00,103:INFO:Evaluating Metrics
2021-01-29 19:09:00,105:INFO:No inverse transformation
2021-01-29 19:09:00,106:INFO:Compiling Metrics
2021-01-29 19:09:00,131:INFO:Calculating mean and std
2021-01-29 19:09:00,133:INFO:Creating metrics dataframe
2021-01-29 19:09:00,144:INFO:Finalizing model
2021-01-29 19:09:00,151:INFO:Uploading results into container
2021-01-29 19:09:00,151:INFO:Uploading model into container
2021-01-29 19:09:00,167:INFO:create_model_container: 1
2021-01-29 19:09:00,167:INFO:master_model_container: 1
2021-01-29 19:09:00,168:INFO:display_container: 1
2021-01-29 19:09:00,168:INFO:LinearRegression(copy_X=True, fit_intercept=True, n_jobs=-1, normalize=False)
2021-01-29 19:09:00,168:INFO:create_model() succesfully completed......................................
2021-01-29 19:09:00,184:INFO:Initializing plot_model()
2021-01-29 19:09:00,184:INFO:plot_model(estimator=LinearRegression(copy_X=True, fit_intercept=True, n_jobs=-1, normalize=False), plot=residuals, save=False, verbose=True, system=True)
2021-01-29 19:09:00,185:INFO:Checking exceptions
2021-01-29 19:09:00,186:INFO:Preloading libraries
2021-01-29 19:09:00,186:INFO:Preparing display monitor
2021-01-29 19:09:00,192:INFO:Importing libraries
2021-01-29 19:09:00,192:INFO:plot type: residuals
2021-01-29 19:09:00,213:INFO:Fitting Model
2021-01-29 19:09:00,258:INFO:Scoring test/hold-out set
2021-01-29 19:09:00,559:INFO:Visual Rendered Successfully
2021-01-29 19:09:00,559:INFO:plot_model() succesfully completed......................................
2021-01-29 19:09:00,579:INFO:Initializing save_model()
2021-01-29 19:09:00,580:INFO:save_model(model=LinearRegression(copy_X=True, fit_intercept=True, n_jobs=-1, normalize=False), model_name=deployment_28042020, model_only=False, verbose=True)
2021-01-29 19:09:00,611:INFO:deployment_28042020.pkl saved in current working directory
2021-01-29 19:09:00,617:INFO:Pipeline(memory=None,
         steps=[('dtypes',
                 DataTypes_Auto_infer(categorical_features=[],
                                      display_types=True, features_todrop=[],
                                      ml_usecase='regression',
                                      numerical_features=[], target='charges',
                                      time_features=[])),
                ('imputer',
                 Simple_Imputer(categorical_strategy='not_available',
                                numeric_strategy='mean',
                                target_variable=None)),
                ('new_levels1',
                 New_Catagorical_Levels...
                ('clean_names', Clean_Colum_Names()),
                ('feature_select', Empty()), ('fix_multi', Empty()),
                ('dfs',
                 DFS_Classic(interactions=['multiply'], ml_usecase='regression',
                             random_state=123, subclass='binary',
                             target='charges',
                             top_features_to_pick_percentage=None)),
                ('pca', Empty()),
                ['trained model',
                 LinearRegression(copy_X=True, fit_intercept=True, n_jobs=-1,
                                  normalize=False)]],
         verbose=False)
2021-01-29 19:09:00,617:INFO:save_model() succesfully completed......................................
2021-01-29 19:13:28,315:INFO:PyCaret Regression Module
2021-01-29 19:13:28,315:INFO:version 2.1
2021-01-29 19:13:28,315:INFO:Initializing setup()
2021-01-29 19:13:28,315:INFO:USI: 1051
2021-01-29 19:13:28,315:INFO:setup(data=(1338, 7), target=charges, train_size=0.7, sampling=True, sample_estimator=None, categorical_features=None, categorical_imputation=constant, ordinal_features=None,
                    high_cardinality_features=None, high_cardinality_method=frequency, numeric_features=None, numeric_imputation=mean, date_features=None, ignore_features=None, normalize=False,
                    normalize_method=zscore, transformation=False, transformation_method=yeo-johnson, handle_unknown_categorical=True, unknown_categorical_method=least_frequent, pca=False, pca_method=linear,
                    pca_components=None, ignore_low_variance=False, combine_rare_levels=False, rare_level_threshold=0.1, bin_numeric_features=None, remove_outliers=False, outliers_threshold=0.05,
                    remove_multicollinearity=False, multicollinearity_threshold=0.9, remove_perfect_collinearity=False, create_clusters=False, cluster_iter=20,
                    polynomial_features=False, polynomial_degree=2, trigonometry_features=False, polynomial_threshold=0.1, group_features=None,
                    group_names=None, feature_selection=False, feature_selection_threshold=0.8, feature_interaction=False, feature_ratio=False, interaction_threshold=0.01, transform_target=False,
                    transform_target_method=box-cox, data_split_shuffle=True, folds_shuffle=False, n_jobs=-1, html=True, session_id=123, log_experiment=False,
                    experiment_name=None, log_plots=False, log_profile=False, log_data=False, silent=False, verbose=True, profile=False)
2021-01-29 19:13:28,315:INFO:Checking environment
2021-01-29 19:13:28,315:INFO:python_version: 3.7.6
2021-01-29 19:13:28,316:INFO:python_build: ('default', 'Jan  8 2020 20:23:39')
2021-01-29 19:13:28,316:INFO:machine: AMD64
2021-01-29 19:13:28,316:INFO:platform: Windows-10-10.0.19041-SP0
2021-01-29 19:13:28,316:INFO:Memory: svmem(total=17059516416, available=9685164032, percent=43.2, used=7374352384, free=9685164032)
2021-01-29 19:13:28,316:INFO:Physical Core: 4
2021-01-29 19:13:28,316:INFO:Logical Core: 8
2021-01-29 19:13:28,316:INFO:Checking libraries
2021-01-29 19:13:28,316:INFO:pd==1.1.1
2021-01-29 19:13:28,316:INFO:numpy==1.18.1
2021-01-29 19:13:28,316:INFO:sklearn==0.23.2
2021-01-29 19:13:28,317:INFO:xgboost==0.90
2021-01-29 19:13:28,317:INFO:lightgbm==2.3.1
2021-01-29 19:13:28,317:INFO:catboost==0.24.1
2021-01-29 19:13:28,317:INFO:mlflow==1.11.0
2021-01-29 19:13:28,317:INFO:Checking Exceptions
2021-01-29 19:13:28,317:INFO:Preloading libraries
2021-01-29 19:13:28,317:INFO:Preparing display monitor
2021-01-29 19:13:28,331:INFO:Importing libraries
2021-01-29 19:13:28,340:INFO:Declaring global variables
2021-01-29 19:13:28,340:INFO:Copying data for preprocessing
2021-01-29 19:13:28,345:INFO:Declaring preprocessing parameters
2021-01-29 19:13:28,345:INFO:Importing preprocessing module
2021-01-29 19:13:28,345:INFO:Creating preprocessing pipeline
2021-01-29 19:13:30,537:INFO:Preprocessing pipeline created successfully
2021-01-29 19:13:30,537:INFO:No inverse transformer found
2021-01-29 19:13:30,537:INFO:Creating grid variables
2021-01-29 19:13:30,538:INFO:Creating global containers
2021-01-29 19:13:30,559:INFO:create_model_container: 0
2021-01-29 19:13:30,559:INFO:master_model_container: 0
2021-01-29 19:13:30,559:INFO:display_container: 0
2021-01-29 19:13:30,559:INFO:setup() succesfully completed......................................
2021-01-29 19:13:30,571:INFO:Initializing create_model()
2021-01-29 19:13:30,571:INFO:create_model(estimator=lr, ensemble=False, method=None, fold=10, round=4, cross_validation=True, verbose=True, system=True)
2021-01-29 19:13:30,571:INFO:Checking exceptions
2021-01-29 19:13:30,571:INFO:Preloading libraries
2021-01-29 19:13:30,571:INFO:Preparing display monitor
2021-01-29 19:13:30,596:INFO:Copying training dataset
2021-01-29 19:13:30,596:INFO:Importing libraries
2021-01-29 19:13:30,597:INFO:Defining folds
2021-01-29 19:13:30,597:INFO:Declaring metric variables
2021-01-29 19:13:30,604:INFO:Linear Regression Imported succesfully
2021-01-29 19:13:30,605:INFO:Checking ensemble method
2021-01-29 19:13:30,614:INFO:Initializing Fold 1
2021-01-29 19:13:30,622:INFO:Fitting Model
2021-01-29 19:13:30,625:INFO:Evaluating Metrics
2021-01-29 19:13:30,627:INFO:No inverse transformation
2021-01-29 19:13:30,627:INFO:Compiling Metrics
2021-01-29 19:13:30,645:INFO:Initializing Fold 2
2021-01-29 19:13:30,653:INFO:Fitting Model
2021-01-29 19:13:30,656:INFO:Evaluating Metrics
2021-01-29 19:13:30,658:INFO:No inverse transformation
2021-01-29 19:13:30,658:INFO:Compiling Metrics
2021-01-29 19:13:30,681:INFO:Initializing Fold 3
2021-01-29 19:13:30,689:INFO:Fitting Model
2021-01-29 19:13:30,692:INFO:Evaluating Metrics
2021-01-29 19:13:30,694:INFO:No inverse transformation
2021-01-29 19:13:30,694:INFO:Compiling Metrics
2021-01-29 19:13:30,711:INFO:Initializing Fold 4
2021-01-29 19:13:30,719:INFO:Fitting Model
2021-01-29 19:13:30,723:INFO:Evaluating Metrics
2021-01-29 19:13:30,726:INFO:No inverse transformation
2021-01-29 19:13:30,726:INFO:Compiling Metrics
2021-01-29 19:13:30,747:INFO:Initializing Fold 5
2021-01-29 19:13:30,755:INFO:Fitting Model
2021-01-29 19:13:30,758:INFO:Evaluating Metrics
2021-01-29 19:13:30,760:INFO:No inverse transformation
2021-01-29 19:13:30,761:INFO:Compiling Metrics
2021-01-29 19:13:30,780:INFO:Initializing Fold 6
2021-01-29 19:13:30,785:INFO:Fitting Model
2021-01-29 19:13:30,788:INFO:Evaluating Metrics
2021-01-29 19:13:30,789:INFO:No inverse transformation
2021-01-29 19:13:30,790:INFO:Compiling Metrics
2021-01-29 19:13:30,811:INFO:Initializing Fold 7
2021-01-29 19:13:30,817:INFO:Fitting Model
2021-01-29 19:13:30,820:INFO:Evaluating Metrics
2021-01-29 19:13:30,822:INFO:No inverse transformation
2021-01-29 19:13:30,822:INFO:Compiling Metrics
2021-01-29 19:13:30,841:INFO:Initializing Fold 8
2021-01-29 19:13:30,850:INFO:Fitting Model
2021-01-29 19:13:30,853:INFO:Evaluating Metrics
2021-01-29 19:13:30,856:INFO:No inverse transformation
2021-01-29 19:13:30,856:INFO:Compiling Metrics
2021-01-29 19:13:30,879:INFO:Initializing Fold 9
2021-01-29 19:13:30,886:INFO:Fitting Model
2021-01-29 19:13:30,890:INFO:Evaluating Metrics
2021-01-29 19:13:30,892:INFO:No inverse transformation
2021-01-29 19:13:30,892:INFO:Compiling Metrics
2021-01-29 19:13:30,910:INFO:Initializing Fold 10
2021-01-29 19:13:30,918:INFO:Fitting Model
2021-01-29 19:13:30,922:INFO:Evaluating Metrics
2021-01-29 19:13:30,924:INFO:No inverse transformation
2021-01-29 19:13:30,924:INFO:Compiling Metrics
2021-01-29 19:13:30,942:INFO:Calculating mean and std
2021-01-29 19:13:30,944:INFO:Creating metrics dataframe
2021-01-29 19:13:30,951:INFO:Finalizing model
2021-01-29 19:13:30,955:INFO:Uploading results into container
2021-01-29 19:13:30,955:INFO:Uploading model into container
2021-01-29 19:13:30,972:INFO:create_model_container: 1
2021-01-29 19:13:30,972:INFO:master_model_container: 1
2021-01-29 19:13:30,972:INFO:display_container: 1
2021-01-29 19:13:30,973:INFO:LinearRegression(copy_X=True, fit_intercept=True, n_jobs=-1, normalize=False)
2021-01-29 19:13:30,973:INFO:create_model() succesfully completed......................................
2021-01-29 19:13:30,994:INFO:Initializing plot_model()
2021-01-29 19:13:30,994:INFO:plot_model(estimator=LinearRegression(copy_X=True, fit_intercept=True, n_jobs=-1, normalize=False), plot=residuals, save=False, verbose=True, system=True)
2021-01-29 19:13:30,995:INFO:Checking exceptions
2021-01-29 19:13:30,995:INFO:Preloading libraries
2021-01-29 19:13:30,995:INFO:Preparing display monitor
2021-01-29 19:13:31,007:INFO:Importing libraries
2021-01-29 19:13:31,008:INFO:plot type: residuals
2021-01-29 19:13:31,029:INFO:Fitting Model
2021-01-29 19:13:31,074:INFO:Scoring test/hold-out set
2021-01-29 19:13:31,349:INFO:Visual Rendered Successfully
2021-01-29 19:13:31,349:INFO:plot_model() succesfully completed......................................
2021-01-29 19:13:31,358:INFO:PyCaret Regression Module
2021-01-29 19:13:31,358:INFO:version 2.1
2021-01-29 19:13:31,358:INFO:Initializing setup()
2021-01-29 19:13:31,358:INFO:USI: 590e
2021-01-29 19:13:31,358:INFO:setup(data=(1338, 7), target=charges, train_size=0.7, sampling=True, sample_estimator=None, categorical_features=None, categorical_imputation=constant, ordinal_features=None,
                    high_cardinality_features=None, high_cardinality_method=frequency, numeric_features=None, numeric_imputation=mean, date_features=None, ignore_features=None, normalize=True,
                    normalize_method=zscore, transformation=False, transformation_method=yeo-johnson, handle_unknown_categorical=True, unknown_categorical_method=least_frequent, pca=False, pca_method=linear,
                    pca_components=None, ignore_low_variance=False, combine_rare_levels=False, rare_level_threshold=0.1, bin_numeric_features=['age', 'bmi'], remove_outliers=False, outliers_threshold=0.05,
                    remove_multicollinearity=False, multicollinearity_threshold=0.9, remove_perfect_collinearity=False, create_clusters=False, cluster_iter=20,
                    polynomial_features=True, polynomial_degree=2, trigonometry_features=True, polynomial_threshold=0.1, group_features=None,
                    group_names=None, feature_selection=False, feature_selection_threshold=0.8, feature_interaction=True, feature_ratio=False, interaction_threshold=0.01, transform_target=False,
                    transform_target_method=box-cox, data_split_shuffle=True, folds_shuffle=False, n_jobs=-1, html=True, session_id=123, log_experiment=False,
                    experiment_name=None, log_plots=False, log_profile=False, log_data=False, silent=False, verbose=True, profile=False)
2021-01-29 19:13:31,358:INFO:Checking environment
2021-01-29 19:13:31,359:INFO:python_version: 3.7.6
2021-01-29 19:13:31,359:INFO:python_build: ('default', 'Jan  8 2020 20:23:39')
2021-01-29 19:13:31,359:INFO:machine: AMD64
2021-01-29 19:13:31,359:INFO:platform: Windows-10-10.0.19041-SP0
2021-01-29 19:13:31,359:INFO:Memory: svmem(total=17059516416, available=9683144704, percent=43.2, used=7376371712, free=9683144704)
2021-01-29 19:13:31,359:INFO:Physical Core: 4
2021-01-29 19:13:31,359:INFO:Logical Core: 8
2021-01-29 19:13:31,359:INFO:Checking libraries
2021-01-29 19:13:31,359:INFO:pd==1.1.1
2021-01-29 19:13:31,359:INFO:numpy==1.18.1
2021-01-29 19:13:31,359:INFO:sklearn==0.23.2
2021-01-29 19:13:31,360:INFO:xgboost==0.90
2021-01-29 19:13:31,360:INFO:lightgbm==2.3.1
2021-01-29 19:13:31,360:INFO:catboost==0.24.1
2021-01-29 19:13:31,360:INFO:mlflow==1.11.0
2021-01-29 19:13:31,360:INFO:Checking Exceptions
2021-01-29 19:13:31,360:INFO:Preloading libraries
2021-01-29 19:13:31,360:INFO:Preparing display monitor
2021-01-29 19:13:31,374:INFO:Importing libraries
2021-01-29 19:13:31,384:INFO:Declaring global variables
2021-01-29 19:13:31,384:INFO:Copying data for preprocessing
2021-01-29 19:13:31,388:INFO:Declaring preprocessing parameters
2021-01-29 19:13:31,389:INFO:Importing preprocessing module
2021-01-29 19:13:31,389:INFO:Creating preprocessing pipeline
2021-01-29 19:13:33,224:INFO:Preprocessing pipeline created successfully
2021-01-29 19:13:33,224:INFO:No inverse transformer found
2021-01-29 19:13:33,224:INFO:Creating grid variables
2021-01-29 19:13:33,226:INFO:Creating global containers
2021-01-29 19:13:33,249:INFO:create_model_container: 0
2021-01-29 19:13:33,249:INFO:master_model_container: 0
2021-01-29 19:13:33,249:INFO:display_container: 0
2021-01-29 19:13:33,249:INFO:setup() succesfully completed......................................
2021-01-29 19:13:33,278:INFO:Initializing create_model()
2021-01-29 19:13:33,278:INFO:create_model(estimator=lr, ensemble=False, method=None, fold=10, round=4, cross_validation=True, verbose=True, system=True)
2021-01-29 19:13:33,278:INFO:Checking exceptions
2021-01-29 19:13:33,278:INFO:Preloading libraries
2021-01-29 19:13:33,278:INFO:Preparing display monitor
2021-01-29 19:13:33,301:INFO:Copying training dataset
2021-01-29 19:13:33,302:INFO:Importing libraries
2021-01-29 19:13:33,303:INFO:Defining folds
2021-01-29 19:13:33,303:INFO:Declaring metric variables
2021-01-29 19:13:33,311:INFO:Linear Regression Imported succesfully
2021-01-29 19:13:33,312:INFO:Checking ensemble method
2021-01-29 19:13:33,318:INFO:Initializing Fold 1
2021-01-29 19:13:33,327:INFO:Fitting Model
2021-01-29 19:13:33,332:INFO:Evaluating Metrics
2021-01-29 19:13:33,334:INFO:No inverse transformation
2021-01-29 19:13:33,334:INFO:Compiling Metrics
2021-01-29 19:13:33,359:INFO:Initializing Fold 2
2021-01-29 19:13:33,367:INFO:Fitting Model
2021-01-29 19:13:33,372:INFO:Evaluating Metrics
2021-01-29 19:13:33,375:INFO:No inverse transformation
2021-01-29 19:13:33,376:INFO:Compiling Metrics
2021-01-29 19:13:33,398:INFO:Initializing Fold 3
2021-01-29 19:13:33,406:INFO:Fitting Model
2021-01-29 19:13:33,410:INFO:Evaluating Metrics
2021-01-29 19:13:33,411:INFO:No inverse transformation
2021-01-29 19:13:33,411:INFO:Compiling Metrics
2021-01-29 19:13:33,432:INFO:Initializing Fold 4
2021-01-29 19:13:33,442:INFO:Fitting Model
2021-01-29 19:13:33,445:INFO:Evaluating Metrics
2021-01-29 19:13:33,449:INFO:No inverse transformation
2021-01-29 19:13:33,449:INFO:Compiling Metrics
2021-01-29 19:13:33,475:INFO:Initializing Fold 5
2021-01-29 19:13:33,483:INFO:Fitting Model
2021-01-29 19:13:33,488:INFO:Evaluating Metrics
2021-01-29 19:13:33,491:INFO:No inverse transformation
2021-01-29 19:13:33,491:INFO:Compiling Metrics
2021-01-29 19:13:33,516:INFO:Initializing Fold 6
2021-01-29 19:13:33,524:INFO:Fitting Model
2021-01-29 19:13:33,528:INFO:Evaluating Metrics
2021-01-29 19:13:33,530:INFO:No inverse transformation
2021-01-29 19:13:33,530:INFO:Compiling Metrics
2021-01-29 19:13:33,549:INFO:Initializing Fold 7
2021-01-29 19:13:33,558:INFO:Fitting Model
2021-01-29 19:13:33,562:INFO:Evaluating Metrics
2021-01-29 19:13:33,564:INFO:No inverse transformation
2021-01-29 19:13:33,564:INFO:Compiling Metrics
2021-01-29 19:13:33,582:INFO:Initializing Fold 8
2021-01-29 19:13:33,589:INFO:Fitting Model
2021-01-29 19:13:33,593:INFO:Evaluating Metrics
2021-01-29 19:13:33,594:INFO:No inverse transformation
2021-01-29 19:13:33,595:INFO:Compiling Metrics
2021-01-29 19:13:33,613:INFO:Initializing Fold 9
2021-01-29 19:13:33,620:INFO:Fitting Model
2021-01-29 19:13:33,624:INFO:Evaluating Metrics
2021-01-29 19:13:33,626:INFO:No inverse transformation
2021-01-29 19:13:33,626:INFO:Compiling Metrics
2021-01-29 19:13:33,645:INFO:Initializing Fold 10
2021-01-29 19:13:33,651:INFO:Fitting Model
2021-01-29 19:13:33,656:INFO:Evaluating Metrics
2021-01-29 19:13:33,658:INFO:No inverse transformation
2021-01-29 19:13:33,658:INFO:Compiling Metrics
2021-01-29 19:13:33,676:INFO:Calculating mean and std
2021-01-29 19:13:33,677:INFO:Creating metrics dataframe
2021-01-29 19:13:33,684:INFO:Finalizing model
2021-01-29 19:13:33,690:INFO:Uploading results into container
2021-01-29 19:13:33,690:INFO:Uploading model into container
2021-01-29 19:13:33,709:INFO:create_model_container: 1
2021-01-29 19:13:33,709:INFO:master_model_container: 1
2021-01-29 19:13:33,709:INFO:display_container: 1
2021-01-29 19:13:33,710:INFO:LinearRegression(copy_X=True, fit_intercept=True, n_jobs=-1, normalize=False)
2021-01-29 19:13:33,710:INFO:create_model() succesfully completed......................................
2021-01-29 19:13:33,718:INFO:Initializing plot_model()
2021-01-29 19:13:33,718:INFO:plot_model(estimator=LinearRegression(copy_X=True, fit_intercept=True, n_jobs=-1, normalize=False), plot=residuals, save=False, verbose=True, system=True)
2021-01-29 19:13:33,718:INFO:Checking exceptions
2021-01-29 19:13:33,719:INFO:Preloading libraries
2021-01-29 19:13:33,719:INFO:Preparing display monitor
2021-01-29 19:13:33,726:INFO:Importing libraries
2021-01-29 19:13:33,728:INFO:plot type: residuals
2021-01-29 19:13:33,748:INFO:Fitting Model
2021-01-29 19:13:33,792:INFO:Scoring test/hold-out set
2021-01-29 19:13:34,098:INFO:Visual Rendered Successfully
2021-01-29 19:13:34,098:INFO:plot_model() succesfully completed......................................
2021-01-29 19:13:34,116:INFO:Initializing save_model()
2021-01-29 19:13:34,117:INFO:save_model(model=LinearRegression(copy_X=True, fit_intercept=True, n_jobs=-1, normalize=False), model_name=deployment_28042020, model_only=False, verbose=True)
2021-01-29 19:13:34,162:INFO:deployment_28042020.pkl saved in current working directory
2021-01-29 19:13:34,173:INFO:Pipeline(memory=None,
         steps=[('dtypes',
                 DataTypes_Auto_infer(categorical_features=[],
                                      display_types=True, features_todrop=[],
                                      ml_usecase='regression',
                                      numerical_features=[], target='charges',
                                      time_features=[])),
                ('imputer',
                 Simple_Imputer(categorical_strategy='not_available',
                                numeric_strategy='mean',
                                target_variable=None)),
                ('new_levels1',
                 New_Catagorical_Levels...
                ('clean_names', Clean_Colum_Names()),
                ('feature_select', Empty()), ('fix_multi', Empty()),
                ('dfs',
                 DFS_Classic(interactions=['multiply'], ml_usecase='regression',
                             random_state=123, subclass='binary',
                             target='charges',
                             top_features_to_pick_percentage=None)),
                ('pca', Empty()),
                ['trained model',
                 LinearRegression(copy_X=True, fit_intercept=True, n_jobs=-1,
                                  normalize=False)]],
         verbose=False)
2021-01-29 19:13:34,174:INFO:save_model() succesfully completed......................................
